{"D:\\Namaste Dev\\Namaste React\\src\\components\\Body.js": {"path":"D:\\Namaste Dev\\Namaste React\\src\\components\\Body.js","statementMap":{"0":{"start":{"line":9,"column":13},"end":{"line":123,"column":1}},"1":{"start":{"line":10,"column":50},"end":{"line":10,"column":62}},"2":{"start":{"line":12,"column":56},"end":{"line":12,"column":68}},"3":{"start":{"line":14,"column":38},"end":{"line":14,"column":50}},"4":{"start":{"line":16,"column":33},"end":{"line":16,"column":66}},"5":{"start":{"line":21,"column":2},"end":{"line":23,"column":9}},"6":{"start":{"line":22,"column":4},"end":{"line":22,"column":16}},"7":{"start":{"line":25,"column":20},"end":{"line":45,"column":3}},"8":{"start":{"line":26,"column":4},"end":{"line":44,"column":5}},"9":{"start":{"line":27,"column":19},"end":{"line":27,"column":46}},"10":{"start":{"line":29,"column":19},"end":{"line":29,"column":36}},"11":{"start":{"line":33,"column":6},"end":{"line":36,"column":8}},"12":{"start":{"line":38,"column":6},"end":{"line":41,"column":8}},"13":{"start":{"line":43,"column":6},"end":{"line":43,"column":23}},"14":{"start":{"line":47,"column":23},"end":{"line":47,"column":40}},"15":{"start":{"line":49,"column":2},"end":{"line":56,"column":6}},"16":{"start":{"line":50,"column":4},"end":{"line":56,"column":6}},"17":{"start":{"line":58,"column":37},"end":{"line":58,"column":64}},"18":{"start":{"line":60,"column":2},"end":{"line":122,"column":4}},"19":{"start":{"line":71,"column":12},"end":{"line":71,"column":42}},"20":{"start":{"line":79,"column":39},"end":{"line":81,"column":13}},"21":{"start":{"line":80,"column":14},"end":{"line":80,"column":76}},"22":{"start":{"line":83,"column":12},"end":{"line":83,"column":55}},"23":{"start":{"line":91,"column":33},"end":{"line":93,"column":13}},"24":{"start":{"line":92,"column":23},"end":{"line":92,"column":47}},"25":{"start":{"line":94,"column":12},"end":{"line":94,"column":46}},"26":{"start":{"line":103,"column":12},"end":{"line":103,"column":39}},"27":{"start":{"line":109,"column":10},"end":{"line":118,"column":17}}},"fnMap":{"0":{"name":"(anonymous_0)","decl":{"start":{"line":9,"column":13},"end":{"line":9,"column":14}},"loc":{"start":{"line":9,"column":19},"end":{"line":123,"column":1}},"line":9},"1":{"name":"(anonymous_1)","decl":{"start":{"line":21,"column":12},"end":{"line":21,"column":13}},"loc":{"start":{"line":21,"column":18},"end":{"line":23,"column":3}},"line":21},"2":{"name":"(anonymous_2)","decl":{"start":{"line":25,"column":20},"end":{"line":25,"column":21}},"loc":{"start":{"line":25,"column":32},"end":{"line":45,"column":3}},"line":25},"3":{"name":"(anonymous_3)","decl":{"start":{"line":70,"column":20},"end":{"line":70,"column":21}},"loc":{"start":{"line":70,"column":27},"end":{"line":72,"column":11}},"line":70},"4":{"name":"(anonymous_4)","decl":{"start":{"line":76,"column":19},"end":{"line":76,"column":20}},"loc":{"start":{"line":76,"column":25},"end":{"line":84,"column":11}},"line":76},"5":{"name":"(anonymous_5)","decl":{"start":{"line":79,"column":63},"end":{"line":79,"column":64}},"loc":{"start":{"line":80,"column":14},"end":{"line":80,"column":76}},"line":80},"6":{"name":"(anonymous_6)","decl":{"start":{"line":90,"column":19},"end":{"line":90,"column":20}},"loc":{"start":{"line":90,"column":25},"end":{"line":95,"column":11}},"line":90},"7":{"name":"(anonymous_7)","decl":{"start":{"line":92,"column":14},"end":{"line":92,"column":15}},"loc":{"start":{"line":92,"column":23},"end":{"line":92,"column":47}},"line":92},"8":{"name":"(anonymous_8)","decl":{"start":{"line":102,"column":98},"end":{"line":102,"column":99}},"loc":{"start":{"line":102,"column":105},"end":{"line":104,"column":11}},"line":102},"9":{"name":"(anonymous_9)","decl":{"start":{"line":108,"column":33},"end":{"line":108,"column":34}},"loc":{"start":{"line":109,"column":10},"end":{"line":118,"column":17}},"line":109}},"branchMap":{"0":{"loc":{"start":{"line":49,"column":2},"end":{"line":56,"column":6}},"type":"if","locations":[{"start":{"line":49,"column":2},"end":{"line":56,"column":6}},{"start":{},"end":{}}],"line":49},"1":{"loc":{"start":{"line":60,"column":9},"end":{"line":122,"column":3}},"type":"cond-expr","locations":[{"start":{"line":61,"column":4},"end":{"line":61,"column":15}},{"start":{"line":63,"column":4},"end":{"line":121,"column":10}}],"line":60},"2":{"loc":{"start":{"line":113,"column":13},"end":{"line":117,"column":13}},"type":"cond-expr","locations":[{"start":{"line":114,"column":14},"end":{"line":114,"column":61}},{"start":{"line":116,"column":14},"end":{"line":116,"column":53}}],"line":113}},"s":{"0":1,"1":7,"2":7,"3":7,"4":7,"5":7,"6":2,"7":7,"8":2,"9":2,"10":2,"11":2,"12":2,"13":0,"14":7,"15":7,"16":0,"17":7,"18":7,"19":1,"20":1,"21":20,"22":1,"23":1,"24":20,"25":1,"26":0,"27":81},"f":{"0":7,"1":2,"2":2,"3":1,"4":1,"5":20,"6":1,"7":20,"8":0,"9":81},"b":{"0":[0,7],"1":[2,5],"2":[68,13]},"_coverageSchema":"1a1c01bbd47fc00a2c39e90264f33305004495a9","hash":"a41db96a023e8de3ddae1cf4f69653e42b8aa15b"}
,"D:\\Namaste Dev\\Namaste React\\src\\components\\ContactUs.js": {"path":"D:\\Namaste Dev\\Namaste React\\src\\components\\ContactUs.js","statementMap":{"0":{"start":{"line":2,"column":18},"end":{"line":19,"column":1}},"1":{"start":{"line":3,"column":4},"end":{"line":18,"column":6}}},"fnMap":{"0":{"name":"(anonymous_0)","decl":{"start":{"line":2,"column":18},"end":{"line":2,"column":19}},"loc":{"start":{"line":2,"column":24},"end":{"line":19,"column":1}},"line":2}},"branchMap":{},"s":{"0":1,"1":4},"f":{"0":4},"b":{},"_coverageSchema":"1a1c01bbd47fc00a2c39e90264f33305004495a9","hash":"f1545cc7f592e5dede85cf1ad20a72e42e6b0aee"}
,"D:\\Namaste Dev\\Namaste React\\src\\components\\Header.js": {"path":"D:\\Namaste Dev\\Namaste React\\src\\components\\Header.js","statementMap":{"0":{"start":{"line":8,"column":13},"end":{"line":60,"column":1}},"1":{"start":{"line":9,"column":32},"end":{"line":9,"column":49}},"2":{"start":{"line":11,"column":23},"end":{"line":11,"column":40}},"3":{"start":{"line":13,"column":25},"end":{"line":13,"column":52}},"4":{"start":{"line":15,"column":20},"end":{"line":15,"column":60}},"5":{"start":{"line":15,"column":43},"end":{"line":15,"column":59}},"6":{"start":{"line":18,"column":2},"end":{"line":59,"column":4}},"7":{"start":{"line":46,"column":14},"end":{"line":46,"column":80}}},"fnMap":{"0":{"name":"(anonymous_0)","decl":{"start":{"line":8,"column":13},"end":{"line":8,"column":14}},"loc":{"start":{"line":8,"column":19},"end":{"line":60,"column":1}},"line":8},"1":{"name":"(anonymous_1)","decl":{"start":{"line":15,"column":32},"end":{"line":15,"column":33}},"loc":{"start":{"line":15,"column":43},"end":{"line":15,"column":59}},"line":15},"2":{"name":"(anonymous_2)","decl":{"start":{"line":45,"column":21},"end":{"line":45,"column":22}},"loc":{"start":{"line":45,"column":27},"end":{"line":48,"column":13}},"line":45}},"branchMap":{"0":{"loc":{"start":{"line":26,"column":29},"end":{"line":26,"column":51}},"type":"cond-expr","locations":[{"start":{"line":26,"column":42},"end":{"line":26,"column":46}},{"start":{"line":26,"column":47},"end":{"line":26,"column":51}}],"line":26},"1":{"loc":{"start":{"line":46,"column":14},"end":{"line":46,"column":79}},"type":"cond-expr","locations":[{"start":{"line":46,"column":37},"end":{"line":46,"column":57}},{"start":{"line":46,"column":60},"end":{"line":46,"column":79}}],"line":46}},"s":{"0":2,"1":9,"2":9,"3":9,"4":9,"5":16,"6":9,"7":2},"f":{"0":9,"1":16,"2":2},"b":{"0":[9,0],"1":[1,1]},"_coverageSchema":"1a1c01bbd47fc00a2c39e90264f33305004495a9","hash":"82878418364f56be8871fa600df7d0437e5e814e"}
,"D:\\Namaste Dev\\Namaste React\\src\\components\\ItemList.js": {"path":"D:\\Namaste Dev\\Namaste React\\src\\components\\ItemList.js","statementMap":{"0":{"start":{"line":5,"column":17},"end":{"line":52,"column":1}},"1":{"start":{"line":6,"column":19},"end":{"line":6,"column":32}},"2":{"start":{"line":8,"column":24},"end":{"line":10,"column":3}},"3":{"start":{"line":9,"column":4},"end":{"line":9,"column":28}},"4":{"start":{"line":12,"column":2},"end":{"line":51,"column":4}},"5":{"start":{"line":15,"column":8},"end":{"line":48,"column":14}},"6":{"start":{"line":37,"column":31},"end":{"line":37,"column":50}}},"fnMap":{"0":{"name":"(anonymous_0)","decl":{"start":{"line":5,"column":17},"end":{"line":5,"column":18}},"loc":{"start":{"line":5,"column":32},"end":{"line":52,"column":1}},"line":5},"1":{"name":"(anonymous_1)","decl":{"start":{"line":8,"column":24},"end":{"line":8,"column":25}},"loc":{"start":{"line":8,"column":34},"end":{"line":10,"column":3}},"line":8},"2":{"name":"(anonymous_2)","decl":{"start":{"line":14,"column":17},"end":{"line":14,"column":18}},"loc":{"start":{"line":15,"column":8},"end":{"line":48,"column":14}},"line":15},"3":{"name":"(anonymous_3)","decl":{"start":{"line":37,"column":25},"end":{"line":37,"column":26}},"loc":{"start":{"line":37,"column":31},"end":{"line":37,"column":50}},"line":37}},"branchMap":{"0":{"loc":{"start":{"line":22,"column":21},"end":{"line":22,"column":61}},"type":"cond-expr","locations":[{"start":{"line":22,"column":50},"end":{"line":22,"column":54}},{"start":{"line":22,"column":57},"end":{"line":22,"column":61}}],"line":22},"1":{"loc":{"start":{"line":26,"column":17},"end":{"line":27,"column":44}},"type":"binary-expr","locations":[{"start":{"line":26,"column":17},"end":{"line":26,"column":50}},{"start":{"line":27,"column":18},"end":{"line":27,"column":44}}],"line":26}},"s":{"0":1,"1":5,"2":5,"3":2,"4":5,"5":34,"6":2},"f":{"0":5,"1":2,"2":34,"3":2},"b":{"0":[2,32],"1":[34,34]},"_coverageSchema":"1a1c01bbd47fc00a2c39e90264f33305004495a9","hash":"29477a1c8357603d9bc1a746faaa584e16b1308a"}
,"D:\\Namaste Dev\\Namaste React\\src\\components\\RestaurantCard.js": {"path":"D:\\Namaste Dev\\Namaste React\\src\\components\\RestaurantCard.js","statementMap":{"0":{"start":{"line":3,"column":23},"end":{"line":20,"column":1}},"1":{"start":{"line":4,"column":22},"end":{"line":4,"column":27}},"2":{"start":{"line":5,"column":64},"end":{"line":5,"column":77}},"3":{"start":{"line":7,"column":2},"end":{"line":19,"column":4}},"4":{"start":{"line":22,"column":33},"end":{"line":38,"column":1}},"5":{"start":{"line":23,"column":2},"end":{"line":37,"column":4}},"6":{"start":{"line":24,"column":24},"end":{"line":24,"column":29}},"7":{"start":{"line":25,"column":34},"end":{"line":25,"column":73}},"8":{"start":{"line":28,"column":4},"end":{"line":36,"column":6}}},"fnMap":{"0":{"name":"(anonymous_0)","decl":{"start":{"line":3,"column":23},"end":{"line":3,"column":24}},"loc":{"start":{"line":3,"column":34},"end":{"line":20,"column":1}},"line":3},"1":{"name":"(anonymous_1)","decl":{"start":{"line":22,"column":33},"end":{"line":22,"column":34}},"loc":{"start":{"line":22,"column":53},"end":{"line":38,"column":1}},"line":22},"2":{"name":"(anonymous_2)","decl":{"start":{"line":23,"column":9},"end":{"line":23,"column":10}},"loc":{"start":{"line":23,"column":20},"end":{"line":37,"column":3}},"line":23}},"branchMap":{},"s":{"0":2,"1":82,"2":82,"3":82,"4":2,"5":7,"6":68,"7":68,"8":68},"f":{"0":82,"1":7,"2":68},"b":{},"_coverageSchema":"1a1c01bbd47fc00a2c39e90264f33305004495a9","hash":"4e65ccc1f371adf7d47d0bbacf9486e05afe2f15"}
,"D:\\Namaste Dev\\Namaste React\\src\\components\\RestaurantMenu.js": {"path":"D:\\Namaste Dev\\Namaste React\\src\\components\\RestaurantMenu.js","statementMap":{"0":{"start":{"line":8,"column":23},"end":{"line":48,"column":1}},"1":{"start":{"line":9,"column":20},"end":{"line":9,"column":31}},"2":{"start":{"line":11,"column":18},"end":{"line":11,"column":42}},"3":{"start":{"line":13,"column":36},"end":{"line":13,"column":50}},"4":{"start":{"line":15,"column":2},"end":{"line":15,"column":43}},"5":{"start":{"line":15,"column":24},"end":{"line":15,"column":43}},"6":{"start":{"line":18,"column":4},"end":{"line":18,"column":39}},"7":{"start":{"line":23,"column":4},"end":{"line":23,"column":79}},"8":{"start":{"line":26,"column":4},"end":{"line":30,"column":5}},"9":{"start":{"line":28,"column":8},"end":{"line":29,"column":70}},"10":{"start":{"line":33,"column":2},"end":{"line":47,"column":4}},"11":{"start":{"line":42,"column":8},"end":{"line":43,"column":54}},"12":{"start":{"line":43,"column":31},"end":{"line":43,"column":50}}},"fnMap":{"0":{"name":"(anonymous_0)","decl":{"start":{"line":8,"column":23},"end":{"line":8,"column":24}},"loc":{"start":{"line":8,"column":29},"end":{"line":48,"column":1}},"line":8},"1":{"name":"(anonymous_1)","decl":{"start":{"line":27,"column":6},"end":{"line":27,"column":7}},"loc":{"start":{"line":28,"column":8},"end":{"line":29,"column":70}},"line":28},"2":{"name":"(anonymous_2)","decl":{"start":{"line":41,"column":22},"end":{"line":41,"column":23}},"loc":{"start":{"line":42,"column":8},"end":{"line":43,"column":54}},"line":42},"3":{"name":"(anonymous_3)","decl":{"start":{"line":43,"column":25},"end":{"line":43,"column":26}},"loc":{"start":{"line":43,"column":31},"end":{"line":43,"column":50}},"line":43}},"branchMap":{"0":{"loc":{"start":{"line":15,"column":2},"end":{"line":15,"column":43}},"type":"if","locations":[{"start":{"line":15,"column":2},"end":{"line":15,"column":43}},{"start":{},"end":{}}],"line":15},"1":{"loc":{"start":{"line":42,"column":106},"end":{"line":42,"column":139}},"type":"cond-expr","locations":[{"start":{"line":42,"column":127},"end":{"line":42,"column":131}},{"start":{"line":42,"column":134},"end":{"line":42,"column":139}}],"line":42}},"s":{"0":1,"1":8,"2":8,"3":8,"4":8,"5":3,"6":5,"7":5,"8":5,"9":95,"10":5,"11":75,"12":2},"f":{"0":8,"1":95,"2":75,"3":2},"b":{"0":[3,5],"1":[2,73]},"_coverageSchema":"1a1c01bbd47fc00a2c39e90264f33305004495a9","hash":"70af25e7f5c2046713ee641da77b526abc6c5560"}
,"D:\\Namaste Dev\\Namaste React\\src\\utils\\appStore.js": {"path":"D:\\Namaste Dev\\Namaste React\\src\\utils\\appStore.js","statementMap":{"0":{"start":{"line":4,"column":17},"end":{"line":8,"column":2}}},"fnMap":{},"branchMap":{},"s":{"0":2},"f":{},"b":{},"_coverageSchema":"1a1c01bbd47fc00a2c39e90264f33305004495a9","hash":"0b339c7350b493aa8363e11913908376ed6683a5"}
}
