TN:
SF:src\components\Body.js
FN:9,(anonymous_0)
FN:21,(anonymous_1)
FN:25,(anonymous_2)
FN:70,(anonymous_3)
FN:76,(anonymous_4)
FN:79,(anonymous_5)
FN:90,(anonymous_6)
FN:92,(anonymous_7)
FN:102,(anonymous_8)
FN:108,(anonymous_9)
FNF:10
FNH:9
FNDA:7,(anonymous_0)
FNDA:2,(anonymous_1)
FNDA:2,(anonymous_2)
FNDA:1,(anonymous_3)
FNDA:1,(anonymous_4)
FNDA:20,(anonymous_5)
FNDA:1,(anonymous_6)
FNDA:20,(anonymous_7)
FNDA:0,(anonymous_8)
FNDA:81,(anonymous_9)
DA:9,1
DA:10,7
DA:12,7
DA:14,7
DA:16,7
DA:21,7
DA:22,2
DA:25,7
DA:26,2
DA:27,2
DA:29,2
DA:33,2
DA:38,2
DA:43,0
DA:47,7
DA:49,7
DA:50,0
DA:58,7
DA:60,7
DA:71,1
DA:79,1
DA:80,20
DA:83,1
DA:91,1
DA:92,20
DA:94,1
DA:103,0
DA:109,81
LF:28
LH:25
BRDA:49,0,0,0
BRDA:49,0,1,7
BRDA:60,1,0,2
BRDA:60,1,1,5
BRDA:113,2,0,68
BRDA:113,2,1,13
BRF:6
BRH:5
end_of_record
TN:
SF:src\components\ContactUs.js
FN:2,(anonymous_0)
FNF:1
FNH:1
FNDA:4,(anonymous_0)
DA:2,1
DA:3,4
LF:2
LH:2
BRF:0
BRH:0
end_of_record
TN:
SF:src\components\Header.js
FN:8,(anonymous_0)
FN:15,(anonymous_1)
FN:45,(anonymous_2)
FNF:3
FNH:3
FNDA:9,(anonymous_0)
FNDA:16,(anonymous_1)
FNDA:2,(anonymous_2)
DA:8,2
DA:9,9
DA:11,9
DA:13,9
DA:15,16
DA:18,9
DA:46,2
LF:7
LH:7
BRDA:26,0,0,9
BRDA:26,0,1,0
BRDA:46,1,0,1
BRDA:46,1,1,1
BRF:4
BRH:3
end_of_record
TN:
SF:src\components\ItemList.js
FN:5,(anonymous_0)
FN:8,(anonymous_1)
FN:14,(anonymous_2)
FN:37,(anonymous_3)
FNF:4
FNH:4
FNDA:5,(anonymous_0)
FNDA:2,(anonymous_1)
FNDA:34,(anonymous_2)
FNDA:2,(anonymous_3)
DA:5,1
DA:6,5
DA:8,5
DA:9,2
DA:12,5
DA:15,34
DA:37,2
LF:7
LH:7
BRDA:22,0,0,2
BRDA:22,0,1,32
BRDA:26,1,0,34
BRDA:26,1,1,34
BRF:4
BRH:4
end_of_record
TN:
SF:src\components\RestaurantCard.js
FN:3,(anonymous_0)
FN:22,(anonymous_1)
FN:23,(anonymous_2)
FNF:3
FNH:3
FNDA:82,(anonymous_0)
FNDA:7,(anonymous_1)
FNDA:68,(anonymous_2)
DA:3,2
DA:4,82
DA:5,82
DA:7,82
DA:22,2
DA:23,7
DA:24,68
DA:25,68
DA:28,68
LF:9
LH:9
BRF:0
BRH:0
end_of_record
TN:
SF:src\components\RestaurantMenu.js
FN:8,(anonymous_0)
FN:27,(anonymous_1)
FN:41,(anonymous_2)
FN:43,(anonymous_3)
FNF:4
FNH:4
FNDA:8,(anonymous_0)
FNDA:95,(anonymous_1)
FNDA:75,(anonymous_2)
FNDA:2,(anonymous_3)
DA:8,1
DA:9,8
DA:11,8
DA:13,8
DA:15,8
DA:18,5
DA:23,5
DA:26,5
DA:28,95
DA:33,5
DA:42,75
DA:43,2
LF:12
LH:12
BRDA:15,0,0,3
BRDA:15,0,1,5
BRDA:42,1,0,2
BRDA:42,1,1,73
BRF:4
BRH:4
end_of_record
TN:
SF:src\utils\appStore.js
FNF:0
FNH:0
DA:4,2
LF:1
LH:1
BRF:0
BRH:0
end_of_record
